00:56:56.994 [main] INFO  LogsTest - Verify artical detail page Title : ACENET - Item Details
00:57:15.273 [main] INFO  LogsTest - switched to iframe
00:57:25.873 [main] INFO  LogsTest - switched to iframe
00:57:26.738 [main] INFO  LogsTest - Selected shipping method as RSC Pickup
00:57:37.308 [main] INFO  LogsTest - switched to iframe
00:57:37.553 [main] INFO  LogsTest - Given product Qty
00:57:48.119 [main] INFO  LogsTest - switched to iframe
00:57:48.555 [main] INFO  LogsTest - Click on Checkout button
00:57:59.141 [main] INFO  LogsTest - switched to iframe
00:57:59.141 [main] INFO  LogsTest - providing RSC pickup details
00:58:02.506 [main] INFO  LogsTest - provided RSC pickup deatils successfully
00:58:06.697 [main] ERROR LogsTest - Order has not placed successfully
00:58:17.159 [main] INFO  AcenetOrdersConfirmationPage - switched to order confirmation iframe
00:58:17.231 [main] INFO  AcenetOrdersConfirmationPage - Stock Reserve Order No is : 1030206318
00:58:17.231 [main] INFO  AcenetOrderConfirmationPageSteps - Confirmed the Order placement
04:31:17.348 [main] INFO  LogsTest - Login success and user is on AceNet Home Page 
04:31:21.282 [main] INFO  AcenetHomePageSteps - Select the Store.
04:31:25.498 [main] INFO  LogsTest - Select store
04:31:31.106 [main] INFO  LogsTest - Search with Article
04:31:31.359 [main] INFO  LogsTest - Click on Search button with Article
04:31:31.915 [main] DEBUG LogsTest - inside PDP
04:31:31.994 [main] INFO  LogsTest - Title : Pages - Home
04:31:31.994 [main] INFO  LogsTest - AceNet QA is Logged in
04:31:31.999 [main] INFO  LogsTest - CDwindow-8E27D0BB7255BF7B7CB6739B60A339921
04:31:32.015 [main] INFO  LogsTest - [CDwindow-8E27D0BB7255BF7B7CB6739B60A33992, CDwindow-76CCC2CB4484D0EB319E7F460EBF198B]2
04:31:33.119 [main] INFO  LogsTest - Verify artical detail page Title : ACENET - Item Details
04:31:43.293 [main] INFO  LogsTest - switched to iframe
04:31:53.741 [main] INFO  LogsTest - switched to iframe
04:31:55.750 [main] INFO  LogsTest - Selected shipping method as Customer Priority Order
04:32:06.354 [main] INFO  LogsTest - switched to iframe
04:32:06.598 [main] INFO  LogsTest - Given product Qty
05:19:36.467 [main] INFO  LogsTest - Login success and user is on AceNet Home Page 
05:19:40.040 [main] INFO  AcenetHomePageSteps - Select the Store.
05:19:45.069 [main] INFO  LogsTest - Select store
05:19:50.662 [main] INFO  LogsTest - Search with Article
05:19:50.908 [main] INFO  LogsTest - Click on Search button with Article
05:19:51.440 [main] DEBUG LogsTest - inside PDP
05:19:51.494 [main] INFO  LogsTest - Title : Pages - Home
05:19:51.494 [main] INFO  LogsTest - AceNet QA is Logged in
05:19:51.499 [main] INFO  LogsTest - CDwindow-DDEBA621B02E1F645C1EEF42C3D3690F1
05:19:51.515 [main] INFO  LogsTest - [CDwindow-DDEBA621B02E1F645C1EEF42C3D3690F, CDwindow-CA7D4F3F48D2BE893F40690958E42441]2
05:19:52.610 [main] INFO  LogsTest - Verify artical detail page Title : ACENET - Item Details
05:20:02.727 [main] INFO  LogsTest - switched to iframe
05:20:13.195 [main] INFO  LogsTest - switched to iframe
05:22:29.137 [main] INFO  LogsTest - Login success and user is on AceNet Home Page 
05:22:33.011 [main] INFO  AcenetHomePageSteps - Select the Store.
05:22:38.025 [main] INFO  LogsTest - Select store
05:22:43.687 [main] INFO  LogsTest - Search with Article
05:22:43.928 [main] INFO  LogsTest - Click on Search button with Article
05:22:44.461 [main] DEBUG LogsTest - inside PDP
05:22:44.548 [main] INFO  LogsTest - Title : Pages - Home
05:22:44.549 [main] INFO  LogsTest - AceNet QA is Logged in
05:22:44.553 [main] INFO  LogsTest - CDwindow-70E95DBB01ED204D8F2E45562485A1F61
05:22:44.568 [main] INFO  LogsTest - [CDwindow-70E95DBB01ED204D8F2E45562485A1F6, CDwindow-BB5BFB9DDE232988C7E8C745D14C2673]2
05:22:45.663 [main] INFO  LogsTest - Verify artical detail page Title : ACENET - Item Details
05:22:55.813 [main] INFO  LogsTest - switched to iframe
05:23:06.587 [main] INFO  LogsTest - switched to iframe
05:23:07.431 [main] INFO  LogsTest - Selected shipping method as Customer Priority Order
05:23:17.984 [main] INFO  LogsTest - switched to iframe
05:23:18.201 [main] INFO  LogsTest - Given product Qty
05:23:28.692 [main] INFO  LogsTest - switched to iframe
05:23:29.077 [main] INFO  LogsTest - AddtoBasket button clicked
05:23:39.600 [main] INFO  LogsTest - switched to iframe
05:23:40.250 [main] INFO  LogsTest - Basket created from Item detail page
05:37:27.914 [main] INFO  LogsTest - Login success and user is on AceNet Home Page 
05:37:29.508 [main] INFO  AcenetHomePageSteps - Select the Store.
05:37:36.669 [main] INFO  LogsTest - Select store
05:37:42.312 [main] INFO  LogsTest - Search with Article
05:37:42.591 [main] INFO  LogsTest - Click on Search button with Article
05:37:43.130 [main] DEBUG LogsTest - inside PDP
05:37:43.210 [main] INFO  LogsTest - Title : Pages - Home
05:37:43.210 [main] INFO  LogsTest - AceNet QA is Logged in
05:37:43.214 [main] INFO  LogsTest - CDwindow-175F40E70E2FEF35273E426A3029434C1
05:37:43.230 [main] INFO  LogsTest - [CDwindow-175F40E70E2FEF35273E426A3029434C, CDwindow-581545960FF803F17EA4E32092A2A388]2
05:37:44.326 [main] INFO  LogsTest - Verify artical detail page Title : ACENET - Item Details
05:37:54.467 [main] INFO  LogsTest - switched to iframe
05:38:06.080 [main] INFO  LogsTest - switched to iframe
05:38:06.969 [main] INFO  LogsTest - Selected shipping method as Customer Priority Order
05:38:17.541 [main] INFO  LogsTest - switched to iframe
05:38:17.764 [main] INFO  LogsTest - Given product Qty
05:38:28.283 [main] INFO  LogsTest - switched to iframe
05:38:28.480 [main] INFO  LogsTest - Customer name has entered
05:38:38.975 [main] INFO  LogsTest - switched to iframe
05:38:39.414 [main] INFO  LogsTest - AddtoBasket button clicked
05:38:49.997 [main] INFO  LogsTest - switched to iframe
05:38:50.629 [main] INFO  LogsTest - Basket created from Item detail page
05:40:37.308 [main] INFO  LogsTest - Login success and user is on AceNet Home Page 
05:40:40.553 [main] INFO  AcenetHomePageSteps - Select the Store.
05:40:45.326 [main] INFO  LogsTest - Select store
05:40:51.029 [main] INFO  LogsTest - Search with Article
05:40:51.294 [main] INFO  LogsTest - Click on Search button with Article
05:40:51.960 [main] DEBUG LogsTest - inside PDP
05:40:52.009 [main] INFO  LogsTest - Title : Pages - Home
05:40:52.009 [main] INFO  LogsTest - AceNet QA is Logged in
05:40:52.014 [main] INFO  LogsTest - CDwindow-CB95CBF68E56D154BE9D4FCF09F916CE1
05:40:52.031 [main] INFO  LogsTest - [CDwindow-CB95CBF68E56D154BE9D4FCF09F916CE, CDwindow-3A1E57748D6CD61A0AFA0F1990653CD5]2
05:40:53.139 [main] INFO  LogsTest - Verify artical detail page Title : ACENET - Item Details
05:41:11.882 [main] INFO  LogsTest - switched to iframe
05:41:22.513 [main] INFO  LogsTest - switched to iframe
05:41:23.447 [main] INFO  LogsTest - Selected shipping method as Customer Priority Order
05:41:34.010 [main] INFO  LogsTest - switched to iframe
05:41:34.233 [main] INFO  LogsTest - Given product Qty
05:41:44.739 [main] INFO  LogsTest - switched to iframe
05:41:44.926 [main] INFO  LogsTest - Customer name has entered
05:41:55.447 [main] INFO  LogsTest - switched to iframe
05:41:55.866 [main] INFO  LogsTest - AddtoBasket button clicked
05:42:06.456 [main] INFO  LogsTest - switched to iframe
05:42:51.748 [main] INFO  LogsTest - Basket created from Item detail page
05:44:44.102 [main] INFO  LogsTest - Login success and user is on AceNet Home Page 
05:44:47.387 [main] INFO  AcenetHomePageSteps - Select the Store.
05:44:52.195 [main] INFO  LogsTest - Select store
05:44:57.810 [main] INFO  LogsTest - Search with Article
05:44:58.071 [main] INFO  LogsTest - Click on Search button with Article
05:44:58.642 [main] DEBUG LogsTest - inside PDP
05:44:58.715 [main] INFO  LogsTest - Title : Pages - Home
05:44:58.715 [main] INFO  LogsTest - AceNet QA is Logged in
05:44:58.719 [main] INFO  LogsTest - CDwindow-33AEF9FB5C21C512FC4B5B4855A436441
05:44:58.733 [main] INFO  LogsTest - [CDwindow-33AEF9FB5C21C512FC4B5B4855A43644, CDwindow-54C76C846DD8240381131C57083E7BBC]2
05:44:59.829 [main] INFO  LogsTest - Verify artical detail page Title : ACENET - Item Details
05:45:17.927 [main] INFO  LogsTest - switched to iframe
05:45:28.598 [main] INFO  LogsTest - switched to iframe
05:45:29.488 [main] INFO  LogsTest - Selected shipping method as Customer Priority Order
05:45:39.996 [main] INFO  LogsTest - switched to iframe
05:45:40.206 [main] INFO  LogsTest - Given product Qty
05:45:50.665 [main] INFO  LogsTest - switched to iframe
05:45:50.839 [main] INFO  LogsTest - Customer name has entered
05:46:01.354 [main] INFO  LogsTest - switched to iframe
05:46:01.839 [main] INFO  LogsTest - AddtoBasket button clicked
05:46:12.376 [main] INFO  LogsTest - switched to iframe
05:46:13.127 [main] INFO  LogsTest - Basket created from Item detail page
05:56:32.549 [main] INFO  LogsTest - Login success and user is on AceNet Home Page 
05:56:36.437 [main] INFO  AcenetHomePageSteps - Select the Store.
05:56:41.156 [main] INFO  LogsTest - Select store
05:56:46.800 [main] INFO  LogsTest - Search with Article
05:56:47.055 [main] INFO  LogsTest - Click on Search button with Article
05:56:47.585 [main] DEBUG LogsTest - inside PDP
05:56:47.632 [main] INFO  LogsTest - Title : Pages - Home
05:56:47.632 [main] INFO  LogsTest - AceNet QA is Logged in
05:56:47.636 [main] INFO  LogsTest - CDwindow-24C95C169B6F51AC5FF29A7C428B3E641
05:56:47.652 [main] INFO  LogsTest - [CDwindow-24C95C169B6F51AC5FF29A7C428B3E64, CDwindow-40B9C8AE4A341E752C3C6889EA3A7B2C]2
05:57:08.168 [main] INFO  LogsTest - Verify artical detail page Title : ACENET - Item Details
05:57:18.777 [main] INFO  LogsTest - switched to iframe
05:57:19.631 [main] INFO  LogsTest - Selected shipping method as Customer Priority Order
05:57:30.189 [main] INFO  LogsTest - switched to iframe
