03:00:16.128 [main] INFO  LogsTest - switched to iframe
03:00:16.547 [main] INFO  LogsTest - create New Basket Button is clicked
03:00:27.052 [main] INFO  LogsTest - switched to iframe
03:00:27.052 [main] INFO  LogsTest - Enter all the values to create new basket
03:00:30.746 [main] INFO  LogsTest - Selected shipment type as Ship to Customer
03:00:31.717 [main] INFO  LogsTest - New basket has been created with Automat12
03:00:42.314 [main] INFO  LogsTest - switched to iframe
03:01:15.495 [main] INFO  LogsTest - Click on add sku's to basket to add the list of sku's
03:01:25.619 [main] INFO  LogsTest - switched to iframe
03:01:25.619 [main] INFO  LogsTest - Sku's are ready to add into the basket
03:01:32.489 [main] INFO  LogsTest - Sku's added into the basket and close the popup
03:01:47.003 [main] INFO  LogsTest - GoToShoppingCart  Button is clicked
03:01:57.697 [main] INFO  LogsTest - switched to iframe
03:01:57.771 [main] ERROR LogsTest - Created basket is not present
03:01:57.844 [main] ERROR LogsTest - Created basket is not present
03:01:57.921 [main] ERROR LogsTest - Created basket is not present
03:02:01.532 [main] INFO  LogsTest - Selected Basket From shopingCart
03:02:12.056 [main] INFO  LogsTest - switched to iframe
03:02:12.488 [main] INFO  LogsTest - Click on add sku's to basket to add the list of sku's
03:02:22.592 [main] INFO  LogsTest - switched to iframe
03:02:22.592 [main] INFO  LogsTest - Sku's are ready to add into the basket
03:02:28.962 [main] INFO  LogsTest - Sku's added into the basket and close the popup
03:02:43.847 [main] INFO  LogsTest - GoToShoppingCart  Button is clicked
03:02:54.439 [main] INFO  LogsTest - switched to iframe
03:02:54.510 [main] ERROR LogsTest - Created basket is not present
03:02:54.581 [main] ERROR LogsTest - Created basket is not present
03:02:54.651 [main] ERROR LogsTest - Created basket is not present
03:02:58.410 [main] INFO  LogsTest - Selected Basket From shopingCart
03:03:08.937 [main] INFO  LogsTest - switched to iframe
03:03:09.374 [main] INFO  LogsTest - Clicked on delete button
03:03:09.767 [main] INFO  LogsTest - Clicked on delete confirmation ok button
03:08:49.854 [main] INFO  LogsTest - Login success and user is on AceNet Home Page 
03:08:53.248 [main] INFO  AcenetHomePageSteps - Select the Store.
03:08:57.883 [main] INFO  LogsTest - Select store
03:09:15.408 [main] INFO  LogsTest - Add to cart clicked
07:47:46.701 [main] INFO  LogsTest - Login success and user is on AceNet Home Page 
07:47:51.025 [main] INFO  AcenetHomePageSteps - Select the Store.
07:47:56.715 [main] INFO  LogsTest - Select store
07:48:04.625 [main] INFO  LogsTest - Add to cart clicked
07:48:19.015 [main] INFO  LogsTest - switched to iframe
07:48:19.429 [main] INFO  LogsTest - create New Basket Button is clicked
07:48:30.069 [main] INFO  LogsTest - switched to iframe
07:48:30.070 [main] INFO  LogsTest - Enter all the values to create new basket
07:48:34.419 [main] INFO  LogsTest - Selected shipment type as Ship to Customer
07:48:35.427 [main] INFO  LogsTest - New basket has been created with Automat12
07:48:45.985 [main] INFO  LogsTest - switched to iframe
07:49:05.950 [main] INFO  LogsTest - Click on add sku's to basket to add the list of sku's
07:49:16.504 [main] INFO  LogsTest - switched to iframe
07:49:16.505 [main] INFO  LogsTest - Sku's are ready to add into the basket
07:49:25.889 [main] INFO  LogsTest - Sku's added into the basket and close the popup
07:49:40.417 [main] INFO  LogsTest - GoToShoppingCart  Button is clicked
07:49:51.077 [main] INFO  LogsTest - switched to iframe
07:49:51.148 [main] ERROR LogsTest - Created basket is not present
07:49:51.222 [main] ERROR LogsTest - Created basket is not present
07:49:51.293 [main] ERROR LogsTest - Created basket is not present
07:49:54.854 [main] INFO  LogsTest - Selected Basket From shopingCart
07:50:05.450 [main] INFO  LogsTest - switched to iframe
07:50:05.875 [main] INFO  LogsTest - Click on add sku's to basket to add the list of sku's
07:50:16.200 [main] INFO  LogsTest - switched to iframe
07:50:16.200 [main] INFO  LogsTest - Sku's are ready to add into the basket
07:50:24.091 [main] INFO  LogsTest - Sku's added into the basket and close the popup
07:50:38.721 [main] INFO  LogsTest - GoToShoppingCart  Button is clicked
07:50:49.487 [main] INFO  LogsTest - switched to iframe
07:50:49.564 [main] ERROR LogsTest - Created basket is not present
07:50:49.638 [main] ERROR LogsTest - Created basket is not present
07:50:49.707 [main] ERROR LogsTest - Created basket is not present
07:50:53.725 [main] INFO  LogsTest - Selected Basket From shopingCart
07:51:04.217 [main] INFO  LogsTest - switched to iframe
07:51:04.723 [main] INFO  LogsTest - Clicked on delete button
07:51:05.424 [main] INFO  LogsTest - Clicked on delete confirmation ok button
07:59:30.251 [main] INFO  LogsTest - Login success and user is on AceNet Home Page 
07:59:34.774 [main] INFO  AcenetHomePageSteps - Select the Store.
07:59:40.735 [main] INFO  LogsTest - Select store
07:59:48.250 [main] INFO  LogsTest - Add to cart clicked
07:59:58.722 [main] INFO  LogsTest - switched to iframe
08:00:04.197 [main] INFO  LogsTest - create New Basket Button is clicked
08:00:14.712 [main] INFO  LogsTest - switched to iframe
08:00:14.713 [main] INFO  LogsTest - Enter all the values to create new basket
08:00:18.903 [main] INFO  LogsTest - Selected shipment type as Ship to Customer
08:00:19.973 [main] INFO  LogsTest - New basket has been created with Automat12
08:00:30.494 [main] INFO  LogsTest - switched to iframe
08:01:07.471 [main] INFO  LogsTest - Click on add sku's to basket to add the list of sku's
08:01:17.937 [main] INFO  LogsTest - switched to iframe
08:01:17.938 [main] INFO  LogsTest - Sku's are ready to add into the basket
08:01:27.384 [main] INFO  LogsTest - Sku's added into the basket and close the popup
08:01:45.183 [main] INFO  LogsTest - GoToShoppingCart  Button is clicked
08:01:55.817 [main] INFO  LogsTest - switched to iframe
08:01:55.901 [main] ERROR LogsTest - Created basket is not present
08:01:55.976 [main] ERROR LogsTest - Created basket is not present
08:01:56.050 [main] ERROR LogsTest - Created basket is not present
08:02:00.663 [main] INFO  LogsTest - Selected Basket From shopingCart
08:02:11.222 [main] INFO  LogsTest - switched to iframe
08:02:11.679 [main] INFO  LogsTest - Click on add sku's to basket to add the list of sku's
08:02:22.007 [main] INFO  LogsTest - switched to iframe
08:02:22.007 [main] INFO  LogsTest - Sku's are ready to add into the basket
08:02:30.426 [main] INFO  LogsTest - Sku's added into the basket and close the popup
08:02:49.531 [main] INFO  LogsTest - GoToShoppingCart  Button is clicked
08:03:00.184 [main] INFO  LogsTest - switched to iframe
08:03:00.257 [main] ERROR LogsTest - Created basket is not present
08:03:00.332 [main] ERROR LogsTest - Created basket is not present
08:03:00.407 [main] ERROR LogsTest - Created basket is not present
08:03:04.910 [main] INFO  LogsTest - Selected Basket From shopingCart
08:03:15.404 [main] INFO  LogsTest - switched to iframe
08:03:15.878 [main] INFO  LogsTest - Clicked on delete button
08:03:16.578 [main] INFO  LogsTest - Clicked on delete confirmation ok button
08:03:32.480 [main] INFO  LogsTest - GoToShoppingCart  Button is clicked
08:03:43.219 [main] INFO  LogsTest - switched to iframe
08:03:43.291 [main] ERROR LogsTest - Created basket is not present
08:03:43.360 [main] ERROR LogsTest - Created basket is not present
08:03:43.428 [main] ERROR LogsTest - Created basket is not present
08:08:13.337 [main] INFO  LogsTest - Login success and user is on AceNet Home Page 
08:08:16.800 [main] INFO  AcenetHomePageSteps - Select the Store.
08:08:25.971 [main] INFO  LogsTest - Select store
08:08:33.564 [main] INFO  LogsTest - Add to cart clicked
08:08:45.771 [main] INFO  LogsTest - switched to iframe
08:08:46.162 [main] INFO  LogsTest - create New Basket Button is clicked
08:08:56.881 [main] INFO  LogsTest - switched to iframe
08:08:56.881 [main] INFO  LogsTest - Enter all the values to create new basket
08:09:00.562 [main] INFO  LogsTest - Selected shipment type as Ship to Retailer
08:09:01.672 [main] INFO  LogsTest - New basket has been created with Automat12
08:09:12.188 [main] INFO  LogsTest - switched to iframe
08:09:27.222 [main] INFO  LogsTest - Click on add sku's to basket to add the list of sku's
08:09:37.331 [main] INFO  LogsTest - switched to iframe
08:09:37.331 [main] INFO  LogsTest - Sku's are ready to add into the basket
08:09:45.700 [main] INFO  LogsTest - Sku's added into the basket and close the popup
08:10:00.891 [main] INFO  LogsTest - GoToShoppingCart  Button is clicked
08:10:11.542 [main] INFO  LogsTest - switched to iframe
08:10:11.613 [main] ERROR LogsTest - Created basket is not present
08:10:11.688 [main] ERROR LogsTest - Created basket is not present
08:10:11.794 [main] ERROR LogsTest - Created basket is not present
08:10:11.956 [main] INFO  LogsTest - Shipping method is verified
08:19:51.864 [main] INFO  LogsTest - Login success and user is on AceNet Home Page 
08:19:52.309 [main] INFO  AcenetHomePageSteps - Select the Store.
22:49:49.053 [main] INFO  LogsTest - Login success and user is on AceNet Home Page 
22:49:53.742 [main] INFO  AcenetHomePageSteps - Select the Store.
22:49:59.543 [main] INFO  LogsTest - Select store
22:50:07.128 [main] INFO  LogsTest - Add to cart clicked
22:50:17.617 [main] INFO  LogsTest - switched to iframe
22:50:28.506 [main] INFO  LogsTest - create New Basket Button is clicked
22:50:39.131 [main] INFO  LogsTest - switched to iframe
22:50:39.131 [main] INFO  LogsTest - Enter all the values to create new basket
22:50:43.327 [main] INFO  LogsTest - Selected shipment type as Ship to Retailer
22:50:44.469 [main] INFO  LogsTest - New basket has been created with Automat12
22:50:54.987 [main] INFO  LogsTest - switched to iframe
